<?xml version="1.0" encoding="utf-8"?><testsuites name="pytest tests"><testsuite name="pytest" errors="0" failures="1" skipped="0" tests="39" time="4.888" timestamp="2026-09-01T01:34:05.506658+00:00" hostname="agent-env-0a12f5b1-a72a-4ce4-8f95-be850d724fd2"><testcase classname="backend.tests.test_iteration10.TestStorefrontAlive" name="test_products_returns_21_active" time="0.292" /><testcase classname="backend.tests.test_iteration10.TestStorefrontAlive" name="test_collections_returns_7" time="0.063" /><testcase classname="backend.tests.test_iteration10.TestStorefrontAlive" name="test_product_page_bpc157" time="0.072" /><testcase classname="backend.tests.test_iteration10.TestHiddenProducts" name="test_hidden_products_not_in_public_list" time="0.094" /><testcase classname="backend.tests.test_iteration10.TestHiddenProducts" name="test_hidden_product_direct_get_still_works" time="0.645" /><testcase classname="backend.tests.test_iteration10.TestBestSellerOrder" name="test_products_order" time="0.082" /><testcase classname="backend.tests.test_iteration10.TestBestSellerOrder" name="test_all_peptides_collection_order" time="0.083" /><testcase classname="backend.tests.test_iteration10.TestAdminManualOrdering" name="test_admin_collection_products_ordered" time="0.394" /><testcase classname="backend.tests.test_iteration10.TestAdminManualOrdering" name="test_reorder_and_restore" time="0.402" /><testcase classname="backend.tests.test_iteration10.TestContactForm" name="test_reject_empty_name" time="0.053" /><testcase classname="backend.tests.test_iteration10.TestContactForm" name="test_reject_invalid_email" time="0.062" /><testcase classname="backend.tests.test_iteration10.TestContactForm" name="test_submit_valid" time="0.318" /><testcase classname="backend.tests.test_iteration10.TestContactForm" name="test_message_in_admin" time="0.066" /><testcase classname="backend.tests.test_iteration10.TestContactForm" name="test_handle_message" time="0.132" /><testcase classname="backend.tests.test_iteration10.TestPush" name="test_public_key" time="0.062" /><testcase classname="backend.tests.test_iteration10.TestPush" name="test_status_requires_admin" time="0.055" /><testcase classname="backend.tests.test_iteration10.TestPush" name="test_status_admin" time="0.047" /><testcase classname="backend.tests.test_iteration10.TestPush" name="test_subscribe_requires_admin" time="0.055" /><testcase classname="backend.tests.test_iteration10.TestPush" name="test_subscribe_and_unsubscribe" time="0.099" /><testcase classname="backend.tests.test_iteration10.TestPush" name="test_push_test_no_subs_returns_400" time="0.062" /><testcase classname="backend.tests.test_iteration10.TestCheckout" name="test_place_order" time="0.473" /><testcase classname="backend.tests.test_iteration10.TestCheckout" name="test_inventory_log_has_entry" time="0.051" /><testcase classname="backend.tests.test_iteration10.TestCheckout" name="test_order_in_admin" time="0.066" /><testcase classname="backend.tests.test_iteration10.TestPages" name="test_public_page[what-are-peptides]" time="0.059" /><testcase classname="backend.tests.test_iteration10.TestPages" name="test_public_page[faq]" time="0.059" /><testcase classname="backend.tests.test_iteration10.TestPages" name="test_public_page[contacts]" time="0.074" /><testcase classname="backend.tests.test_iteration10.TestPages" name="test_public_page[chemical-analysis]" time="0.056" /><testcase classname="backend.tests.test_iteration10.TestPages" name="test_public_page[partners]" time="0.059" /><testcase classname="backend.tests.test_iteration10.TestPages" name="test_public_page[about]" time="0.054" /><testcase classname="backend.tests.test_iteration10.TestPages" name="test_public_page[cookies]" time="0.067" /><testcase classname="backend.tests.test_iteration10.TestPages" name="test_public_page[privacy-policy]" time="0.065" /><testcase classname="backend.tests.test_iteration10.TestPages" name="test_public_page[terms-of-service]" time="0.062" /><testcase classname="backend.tests.test_iteration10.TestPages" name="test_public_page[shipping-policy]" time="0.071" /><testcase classname="backend.tests.test_iteration10.TestPages" name="test_public_page[scientific-literature]" time="0.064"><failure message="AssertionError: scientific-literature content too small&#10;assert 0 &gt; 20&#10; +  where 0 = len('')">backend/tests/test_iteration10.py:305: in test_public_page
    assert len(content) &gt; 20, f"{slug} content too small"
E   AssertionError: scientific-literature content too small
E   assert 0 &gt; 20
E    +  where 0 = len('')</failure></testcase><testcase classname="backend.tests.test_iteration10.TestPages" name="test_admin_pages_lists_all" time="0.073" /><testcase classname="backend.tests.test_iteration10.TestPages" name="test_contacts_page_has_bg_copy" time="0.062" /><testcase classname="backend.tests.test_iteration10.TestStaticAssets" name="test_service_worker" time="0.066" /><testcase classname="backend.tests.test_iteration10.TestStaticAssets" name="test_manifest" time="0.061" /><testcase classname="backend.tests.test_iteration10.TestStaticAssets" name="test_logo192" time="0.068" /></testsuite></testsuites>