<?xml version="1.0" encoding="utf-8"?><testsuites name="pytest tests"><testsuite name="pytest" errors="0" failures="0" skipped="0" tests="45" time="21.074" timestamp="2026-09-01T12:07:01.977247+00:00" hostname="agent-env-0a12f5b1-a72a-4ce4-8f95-be850d724fd2"><testcase classname="tests.test_iteration19_checkout_emails.TestCheckoutContract" name="test_missing_shipping_full_name_returns_422" time="0.334" /><testcase classname="tests.test_iteration19_checkout_emails.TestCheckoutContract" name="test_missing_shipping_phone_returns_422" time="0.151" /><testcase classname="tests.test_iteration19_checkout_emails.TestCheckoutContract" name="test_terms_rejected_returns_400" time="0.132" /><testcase classname="tests.test_iteration19_checkout_emails.TestCheckoutContract" name="test_full_payload_ok_and_locale_persisted" time="0.668" /><testcase classname="tests.test_iteration19_checkout_emails.TestNextcartConfig" name="test_couriers[BG-expected0]" time="0.898" /><testcase classname="tests.test_iteration19_checkout_emails.TestNextcartConfig" name="test_couriers[RO-expected1]" time="0.456" /><testcase classname="tests.test_iteration19_checkout_emails.TestNextcartConfig" name="test_couriers[GR-expected2]" time="0.471" /><testcase classname="tests.test_iteration19_checkout_emails.TestNextcartConfig" name="test_couriers[HU-expected3]" time="0.470" /><testcase classname="tests.test_iteration19_checkout_emails.TestNextcartConfig" name="test_couriers[PL-expected4]" time="0.456" /><testcase classname="tests.test_iteration19_checkout_emails.TestNextcartConfig" name="test_couriers[SK-expected5]" time="0.467" /><testcase classname="tests.test_iteration19_checkout_emails.TestNextcartConfig" name="test_couriers[CZ-expected6]" time="0.695" /><testcase classname="tests.test_iteration19_checkout_emails.TestNextcartConfig" name="test_couriers[SI-expected7]" time="0.836" /><testcase classname="tests.test_iteration19_checkout_emails.TestNextcartConfig" name="test_couriers[HR-expected8]" time="0.459" /><testcase classname="tests.test_iteration19_checkout_emails.TestNextcartConfig" name="test_couriers[IT-expected9]" time="0.714" /><testcase classname="tests.test_iteration19_checkout_emails.TestNextcartConfig" name="test_couriers[DE-expected10]" time="0.938" /><testcase classname="tests.test_iteration19_checkout_emails" name="test_bank_details" time="0.196" /><testcase classname="tests.test_iteration19_checkout_emails" name="test_countries" time="0.137" /><testcase classname="tests.test_iteration19_checkout_emails.TestCartTrack" name="test_track_upserts" time="0.409" /><testcase classname="tests.test_iteration19_checkout_emails.TestCartTrack" name="test_empty_items_400" time="0.150" /><testcase classname="tests.test_iteration19_checkout_emails.TestAdminAbandoned" name="test_list_and_send" time="0.947" /><testcase classname="tests.test_iteration19_checkout_emails.TestAdminAbandoned" name="test_sweep_ok" time="0.069" /><testcase classname="tests.test_iteration19_checkout_emails.TestEmailTemplates" name="test_order_email_all_locales[bg]" time="0.289" /><testcase classname="tests.test_iteration19_checkout_emails.TestEmailTemplates" name="test_order_email_all_locales[en]" time="0.358" /><testcase classname="tests.test_iteration19_checkout_emails.TestEmailTemplates" name="test_order_email_all_locales[fr]" time="0.250" /><testcase classname="tests.test_iteration19_checkout_emails.TestEmailTemplates" name="test_order_email_all_locales[de]" time="0.347" /><testcase classname="tests.test_iteration19_checkout_emails.TestEmailTemplates" name="test_order_email_all_locales[cz]" time="0.342" /><testcase classname="tests.test_iteration19_checkout_emails.TestEmailTemplates" name="test_order_email_all_locales[hu]" time="0.257" /><testcase classname="tests.test_iteration19_checkout_emails.TestEmailTemplates" name="test_order_email_all_locales[pl]" time="0.276" /><testcase classname="tests.test_iteration19_checkout_emails.TestEmailTemplates" name="test_order_email_all_locales[sk]" time="0.244" /><testcase classname="tests.test_iteration19_checkout_emails.TestEmailTemplates" name="test_order_email_all_locales[si]" time="0.287" /><testcase classname="tests.test_iteration19_checkout_emails.TestEmailTemplates" name="test_order_email_all_locales[gr]" time="0.253" /><testcase classname="tests.test_iteration19_checkout_emails.TestEmailTemplates" name="test_order_email_all_locales[ro]" time="0.426" /><testcase classname="tests.test_iteration19_checkout_emails.TestEmailTemplates" name="test_abandoned_email_all_locales[bg]" time="0.413" /><testcase classname="tests.test_iteration19_checkout_emails.TestEmailTemplates" name="test_abandoned_email_all_locales[en]" time="0.358" /><testcase classname="tests.test_iteration19_checkout_emails.TestEmailTemplates" name="test_abandoned_email_all_locales[fr]" time="0.455" /><testcase classname="tests.test_iteration19_checkout_emails.TestEmailTemplates" name="test_abandoned_email_all_locales[de]" time="0.445" /><testcase classname="tests.test_iteration19_checkout_emails.TestEmailTemplates" name="test_abandoned_email_all_locales[cz]" time="0.426" /><testcase classname="tests.test_iteration19_checkout_emails.TestEmailTemplates" name="test_abandoned_email_all_locales[hu]" time="0.408" /><testcase classname="tests.test_iteration19_checkout_emails.TestEmailTemplates" name="test_abandoned_email_all_locales[pl]" time="0.433" /><testcase classname="tests.test_iteration19_checkout_emails.TestEmailTemplates" name="test_abandoned_email_all_locales[sk]" time="0.377" /><testcase classname="tests.test_iteration19_checkout_emails.TestEmailTemplates" name="test_abandoned_email_all_locales[si]" time="0.435" /><testcase classname="tests.test_iteration19_checkout_emails.TestEmailTemplates" name="test_abandoned_email_all_locales[gr]" time="0.444" /><testcase classname="tests.test_iteration19_checkout_emails.TestEmailTemplates" name="test_abandoned_email_all_locales[ro]" time="0.522" /><testcase classname="tests.test_iteration19_checkout_emails.TestEmailTemplates" name="test_required_locales_send_true" time="1.766" /><testcase classname="tests.test_iteration19_checkout_emails.TestRecoverOnOrder" name="test_order_recovers_open_cart" time="1.100" /></testsuite></testsuites>