<?xml version="1.0" encoding="utf-8"?><testsuites name="pytest tests"><testsuite name="pytest" errors="0" failures="0" skipped="0" tests="14" time="2.584" timestamp="2026-09-01T01:43:38.340877+00:00" hostname="agent-env-0a12f5b1-a72a-4ce4-8f95-be850d724fd2"><testcase classname="tests.test_iteration11" name="test_products_all_have_meta" time="0.190" /><testcase classname="tests.test_iteration11" name="test_collections_have_meta" time="0.062" /><testcase classname="tests.test_iteration11" name="test_articles_have_meta" time="0.117" /><testcase classname="tests.test_iteration11" name="test_page_meta[faq]" time="0.055" /><testcase classname="tests.test_iteration11" name="test_page_meta[about]" time="0.057" /><testcase classname="tests.test_iteration11" name="test_page_meta[cookies]" time="0.063" /><testcase classname="tests.test_iteration11" name="test_page_meta[scientific-literature]" time="0.060" /><testcase classname="tests.test_iteration11" name="test_page_meta[contacts]" time="0.084" /><testcase classname="tests.test_iteration11" name="test_scientific_literature_content" time="0.069" /><testcase classname="tests.test_iteration11" name="test_contact_form_escapes_html_and_is_fast" time="0.291" /><testcase classname="tests.test_iteration11" name="test_admin_messages_contains_escaped_message" time="0.458" /><testcase classname="tests.test_iteration11" name="test_checkout_fast_and_order_number" time="0.474" /><testcase classname="tests.test_iteration11" name="test_robots" time="0.150" /><testcase classname="tests.test_iteration11" name="test_sitemap_includes_real_urls" time="0.380" /></testsuite></testsuites>