<?xml version="1.0" encoding="utf-8"?><testsuites name="pytest tests"><testsuite name="pytest" errors="0" failures="0" skipped="0" tests="18" time="10.779" timestamp="2026-09-01T11:44:30.285347+00:00" hostname="agent-env-0a12f5b1-a72a-4ce4-8f95-be850d724fd2"><testcase classname="backend.tests.test_iteration18_country_couriers.TestBankDetails" name="test_bank_details" time="0.225" /><testcase classname="backend.tests.test_iteration18_country_couriers.TestCountries" name="test_countries" time="0.825" /><testcase classname="backend.tests.test_iteration18_country_couriers.TestConfigPerCountry" name="test_couriers_per_country[BG-expected0]" time="0.158" /><testcase classname="backend.tests.test_iteration18_country_couriers.TestConfigPerCountry" name="test_couriers_per_country[RO-expected1]" time="0.497" /><testcase classname="backend.tests.test_iteration18_country_couriers.TestConfigPerCountry" name="test_couriers_per_country[GR-expected2]" time="0.436" /><testcase classname="backend.tests.test_iteration18_country_couriers.TestConfigPerCountry" name="test_couriers_per_country[HU-expected3]" time="0.415" /><testcase classname="backend.tests.test_iteration18_country_couriers.TestConfigPerCountry" name="test_couriers_per_country[PL-expected4]" time="0.521" /><testcase classname="backend.tests.test_iteration18_country_couriers.TestConfigPerCountry" name="test_couriers_per_country[SK-expected5]" time="0.481" /><testcase classname="backend.tests.test_iteration18_country_couriers.TestConfigPerCountry" name="test_couriers_per_country[CZ-expected6]" time="0.781" /><testcase classname="backend.tests.test_iteration18_country_couriers.TestConfigPerCountry" name="test_couriers_per_country[SI-expected7]" time="0.803" /><testcase classname="backend.tests.test_iteration18_country_couriers.TestConfigPerCountry" name="test_couriers_per_country[HR-expected8]" time="0.519" /><testcase classname="backend.tests.test_iteration18_country_couriers.TestConfigPerCountry" name="test_couriers_per_country[IT-expected9]" time="0.694" /><testcase classname="backend.tests.test_iteration18_country_couriers.TestConfigPerCountry" name="test_couriers_per_country[DE-expected10]" time="0.973" /><testcase classname="backend.tests.test_iteration18_country_couriers.TestPickupsCountry" name="test_gls_hu_office" time="0.852" /><testcase classname="backend.tests.test_iteration18_country_couriers.TestPickupsCountry" name="test_fancourier_ro_locker" time="0.892" /><testcase classname="backend.tests.test_iteration18_country_couriers.TestPickupsCountry" name="test_speedex_gr_office" time="0.496" /><testcase classname="backend.tests.test_iteration18_country_couriers.TestCheckout" name="test_cod_checkout_ok" time="0.782" /><testcase classname="backend.tests.test_iteration18_country_couriers.TestCheckout" name="test_terms_rejected" time="0.350" /></testsuite></testsuites>