<?xml version="1.0" encoding="utf-8"?><testsuites name="pytest tests"><testsuite name="pytest" errors="0" failures="0" skipped="0" tests="11" time="2.339" timestamp="2026-09-01T09:23:10.972029+00:00" hostname="agent-env-0a12f5b1-a72a-4ce4-8f95-be850d724fd2"><testcase classname="backend.tests.test_iteration15.TestProductDetail" name="test_retatrutide_variants_and_images" time="0.342" /><testcase classname="backend.tests.test_iteration15.TestProductDetail" name="test_bpc157_variants" time="0.138" /><testcase classname="backend.tests.test_iteration15.TestProductDetail" name="test_restored_description_bpc157" time="0.167" /><testcase classname="backend.tests.test_iteration15.TestProductDetail" name="test_restored_description_retatrutide" time="0.299" /><testcase classname="backend.tests.test_iteration15.TestSlimListPayloads" name="test_products_list_no_description" time="0.137" /><testcase classname="backend.tests.test_iteration15.TestSlimListPayloads" name="test_articles_list_no_body" time="0.160" /><testcase classname="backend.tests.test_iteration15.TestSlimListPayloads" name="test_collections_list_no_description" time="0.109" /><testcase classname="backend.tests.test_iteration15.TestWebPImages" name="test_webp_serving" time="0.270" /><testcase classname="backend.tests.test_iteration15.TestCollections" name="test_metabolic_studies_exists" time="0.115" /><testcase classname="backend.tests.test_iteration15.TestCollections" name="test_all_peptides_collection" time="0.176" /><testcase classname="backend.tests.test_iteration15.TestAdminLogin" name="test_admin_login" time="0.336" /></testsuite></testsuites>