<?xml version="1.0" encoding="utf-8"?><testsuites name="pytest tests"><testsuite name="pytest" errors="0" failures="0" skipped="2" tests="8" time="2.078" timestamp="2026-09-01T02:39:25.199812+00:00" hostname="agent-env-0a12f5b1-a72a-4ce4-8f95-be850d724fd2"><testcase classname="backend.tests.test_iteration13_currency" name="test_admin_orders_endpoint_ok" time="0.505" /><testcase classname="backend.tests.test_iteration13_currency" name="test_ron_orders_normalised" time="0.773" /><testcase classname="backend.tests.test_iteration13_currency" name="test_ron_order_detail" time="0.198" /><testcase classname="backend.tests.test_iteration13_currency" name="test_eur_orders_unchanged" time="0.074" /><testcase classname="backend.tests.test_iteration13_currency" name="test_analytics_still_works" time="0.054" /><testcase classname="backend.tests.test_iteration13_currency" name="test_robots_and_sitemap" time="0.396" /><testcase classname="backend.tests.test_iteration13_currency" name="test_home_schema" time="0.000"><skipped type="pytest.skip" message="JSON-LD is client-side rendered; verified via Playwright">/app/backend/tests/test_iteration13_currency.py:147: JSON-LD is client-side rendered; verified via Playwright</skipped></testcase><testcase classname="backend.tests.test_iteration13_currency" name="test_product_schema_offers" time="0.001"><skipped type="pytest.skip" message="JSON-LD is client-side rendered; verified via Playwright">/app/backend/tests/test_iteration13_currency.py:151: JSON-LD is client-side rendered; verified via Playwright</skipped></testcase></testsuite></testsuites>