<?xml version="1.0" encoding="utf-8"?><testsuites name="pytest tests"><testsuite name="pytest" errors="0" failures="0" skipped="0" tests="9" time="6.510" timestamp="2026-09-01T12:33:37.859710+00:00" hostname="agent-env-0a12f5b1-a72a-4ce4-8f95-be850d724fd2"><testcase classname="backend.tests.test_iteration20_images.TestImageServing" name="test_webp_negotiation" time="4.797" /><testcase classname="backend.tests.test_iteration20_images.TestImageServing" name="test_jpeg_fallback" time="0.217" /><testcase classname="backend.tests.test_iteration20_images.TestImageServing" name="test_width_param_smaller" time="0.157" /><testcase classname="backend.tests.test_iteration20_images.TestImageServing" name="test_disk_cache_is_fast" time="0.149" /><testcase classname="backend.tests.test_iteration20_images.TestSiteMedia" name="test_hero_lives_in_storage" time="0.155" /><testcase classname="backend.tests.test_iteration20_images.TestCmsShopifyFree" name="test_chemical_analysis_no_shopify_cdn" time="0.076" /><testcase classname="backend.tests.test_iteration20_images.TestCourierRegression" name="test_bg_config_has_econt" time="0.739" /><testcase classname="backend.tests.test_iteration20_images.TestCourierRegression" name="test_countries_list" time="0.072" /><testcase classname="backend.tests.test_iteration20_images.TestCourierRegression" name="test_bank_details" time="0.070" /></testsuite></testsuites>