<?xml version="1.0" encoding="utf-8"?><testsuites name="pytest tests"><testsuite name="pytest" errors="0" failures="0" skipped="0" tests="12" time="5.107" timestamp="2026-09-01T10:41:53.103691+00:00" hostname="agent-env-0a12f5b1-a72a-4ce4-8f95-be850d724fd2"><testcase classname="backend.tests.test_iteration16_nextcart.TestNextCartConfig" name="test_providers_present" time="0.994" /><testcase classname="backend.tests.test_iteration16_nextcart.TestNextCartConfig" name="test_methods_and_prices" time="0.000" /><testcase classname="backend.tests.test_iteration16_nextcart.TestNextCartConfig" name="test_phone_territories_245" time="0.000" /><testcase classname="backend.tests.test_iteration16_nextcart.TestOffices" name="test_econt_offices_plovdiv" time="0.689" /><testcase classname="backend.tests.test_iteration16_nextcart.TestOffices" name="test_boxnow_lockers" time="0.614" /><testcase classname="backend.tests.test_iteration16_nextcart.TestOffices" name="test_invalid_destination_type" time="0.160" /><testcase classname="backend.tests.test_iteration16_nextcart.TestOffices" name="test_bogus_provider_no_crash" time="0.395" /><testcase classname="backend.tests.test_iteration16_nextcart.TestAddressSuggestions" name="test_city_suggest" time="0.730" /><testcase classname="backend.tests.test_iteration16_nextcart.TestAddressSuggestions" name="test_q_too_short" time="0.105" /><testcase classname="backend.tests.test_iteration16_nextcart.TestAddressSuggestions" name="test_unknown_mode" time="0.115" /><testcase classname="backend.tests.test_iteration16_nextcart.TestEvent" name="test_event_never_errors" time="0.811" /><testcase classname="backend.tests.test_iteration16_nextcart.TestRegression" name="test_admin_login" time="0.413" /></testsuite></testsuites>