<?xml version="1.0" encoding="utf-8"?><testsuites name="pytest tests"><testsuite name="pytest" errors="0" failures="1" skipped="0" tests="9" time="7.134" timestamp="2026-09-01T11:06:48.183963+00:00" hostname="agent-env-0a12f5b1-a72a-4ce4-8f95-be850d724fd2"><testcase classname="backend.tests.test_iteration17_precheckout.TestPickups" name="test_econt_offices_full_list" time="1.512" /><testcase classname="backend.tests.test_iteration17_precheckout.TestPickups" name="test_boxnow_lockers_full_list" time="0.885" /><testcase classname="backend.tests.test_iteration17_precheckout.TestPickups" name="test_invalid_destination_type" time="0.151" /><testcase classname="backend.tests.test_iteration17_precheckout.TestGeo" name="test_country_returns_something" time="0.334" /><testcase classname="backend.tests.test_iteration17_precheckout.TestAddressSuggestions" name="test_city_mode_returns_suggestions" time="0.620" /><testcase classname="backend.tests.test_iteration17_precheckout.TestOrderPlacement" name="test_place_order_with_econt_office[bank_transfer]" time="0.802" /><testcase classname="backend.tests.test_iteration17_precheckout.TestOrderPlacement" name="test_place_order_with_econt_office[cod]" time="0.711" /><testcase classname="backend.tests.test_iteration17_precheckout.TestRevOrder" name="test_get_settings_admin_required" time="0.141" /><testcase classname="backend.tests.test_iteration17_precheckout.TestRevOrder" name="test_full_lifecycle" time="1.862"><failure message="AssertionError: assert (None == 'TRK123' or None in ('shipped', 'fulfilled'))&#10; +  where None = &lt;built-in method get of dict object at 0xf8d5b0b50680&gt;('tracking_number')&#10; +    where &lt;built-in method get of dict object at 0xf8d5b0b50680&gt; = {}.get&#10; +  and   None = &lt;built-in method get of dict object at 0xf8d5b0b60e00&gt;('fulfillment_status')&#10; +    where &lt;built-in method get of dict object at 0xf8d5b0b60e00&gt; = {'order': {'created_at': '2026-09-01T11:06:52.922014+00:00', 'currency': 'EUR', 'currency_rate': 1.0, 'customer': {'address': {'city': 'ПЛОВДИВ', 'country': 'BG', 'line1': 'Пловдив Автогара Родопи', 'zip': '4000'}, 'email': 'test_iter17_cod@example.com', 'name': 'TEST Iter17', 'orders_count': 1, ...}, ...}}.get">backend/tests/test_iteration17_precheckout.py:250: in test_full_lifecycle
    assert tracking.get("tracking_number") == "TRK123" or \
E   AssertionError: assert (None == 'TRK123' or None in ('shipped', 'fulfilled'))
E    +  where None = &lt;built-in method get of dict object at 0xf8d5b0b50680&gt;('tracking_number')
E    +    where &lt;built-in method get of dict object at 0xf8d5b0b50680&gt; = {}.get
E    +  and   None = &lt;built-in method get of dict object at 0xf8d5b0b60e00&gt;('fulfillment_status')
E    +    where &lt;built-in method get of dict object at 0xf8d5b0b60e00&gt; = {'order': {'created_at': '2026-09-01T11:06:52.922014+00:00', 'currency': 'EUR', 'currency_rate': 1.0, 'customer': {'address': {'city': 'ПЛОВДИВ', 'country': 'BG', 'line1': 'Пловдив Автогара Родопи', 'zip': '4000'}, 'email': 'test_iter17_cod@example.com', 'name': 'TEST Iter17', 'orders_count': 1, ...}, ...}}.get</failure></testcase></testsuite></testsuites>