<?xml version="1.0" encoding="utf-8"?><testsuites name="pytest tests"><testsuite name="pytest" errors="0" failures="0" skipped="7" tests="32" time="2.294" timestamp="2026-09-01T02:26:57.771814+00:00" hostname="agent-env-0a12f5b1-a72a-4ce4-8f95-be850d724fd2"><testcase classname="backend.tests.test_iteration12_seo" name="test_static_asset_200[/favicon.ico]" time="0.255" /><testcase classname="backend.tests.test_iteration12_seo" name="test_static_asset_200[/favicon-16x16.png]" time="0.058" /><testcase classname="backend.tests.test_iteration12_seo" name="test_static_asset_200[/favicon-32x32.png]" time="0.057" /><testcase classname="backend.tests.test_iteration12_seo" name="test_static_asset_200[/apple-touch-icon.png]" time="0.058" /><testcase classname="backend.tests.test_iteration12_seo" name="test_static_asset_200[/favicon-512.png]" time="0.052" /><testcase classname="backend.tests.test_iteration12_seo" name="test_static_asset_200[/logo192.png]" time="0.061" /><testcase classname="backend.tests.test_iteration12_seo" name="test_static_asset_200[/logo512.png]" time="0.062" /><testcase classname="backend.tests.test_iteration12_seo" name="test_static_asset_200[/og-image.jpg]" time="0.077" /><testcase classname="backend.tests.test_iteration12_seo" name="test_static_asset_200[/manifest.json]" time="0.059" /><testcase classname="backend.tests.test_iteration12_seo" name="test_index_head_has_icons_and_theme" time="0.053" /><testcase classname="backend.tests.test_iteration12_seo" name="test_products_seo_coverage" time="0.087" /><testcase classname="backend.tests.test_iteration12_seo" name="test_collections_seo_coverage" time="0.057" /><testcase classname="backend.tests.test_iteration12_seo" name="test_articles_seo_coverage" time="0.081" /><testcase classname="backend.tests.test_iteration12_seo" name="test_page_seo_coverage[faq]" time="0.060" /><testcase classname="backend.tests.test_iteration12_seo" name="test_page_seo_coverage[about]" time="0.058" /><testcase classname="backend.tests.test_iteration12_seo" name="test_page_seo_coverage[cookies]" time="0.057" /><testcase classname="backend.tests.test_iteration12_seo" name="test_page_seo_coverage[contacts]" time="0.055" /><testcase classname="backend.tests.test_iteration12_seo" name="test_page_seo_coverage[scientific-literature]" time="0.058" /><testcase classname="backend.tests.test_iteration12_seo" name="test_page_seo_coverage[shipping]" time="0.055"><skipped type="pytest.skip" message="page shipping not seeded">/app/backend/tests/test_iteration12_seo.py:90: page shipping not seeded</skipped></testcase><testcase classname="backend.tests.test_iteration12_seo" name="test_page_seo_coverage[returns]" time="0.053"><skipped type="pytest.skip" message="page returns not seeded">/app/backend/tests/test_iteration12_seo.py:90: page returns not seeded</skipped></testcase><testcase classname="backend.tests.test_iteration12_seo" name="test_page_seo_coverage[terms]" time="0.054"><skipped type="pytest.skip" message="page terms not seeded">/app/backend/tests/test_iteration12_seo.py:90: page terms not seeded</skipped></testcase><testcase classname="backend.tests.test_iteration12_seo" name="test_page_seo_coverage[privacy]" time="0.054"><skipped type="pytest.skip" message="page privacy not seeded">/app/backend/tests/test_iteration12_seo.py:90: page privacy not seeded</skipped></testcase><testcase classname="backend.tests.test_iteration12_seo" name="test_page_seo_coverage[payment]" time="0.054"><skipped type="pytest.skip" message="page payment not seeded">/app/backend/tests/test_iteration12_seo.py:90: page payment not seeded</skipped></testcase><testcase classname="backend.tests.test_iteration12_seo" name="test_page_seo_coverage[quality]" time="0.055"><skipped type="pytest.skip" message="page quality not seeded">/app/backend/tests/test_iteration12_seo.py:90: page quality not seeded</skipped></testcase><testcase classname="backend.tests.test_iteration12_seo" name="test_page_seo_coverage[wholesale]" time="0.054"><skipped type="pytest.skip" message="page wholesale not seeded">/app/backend/tests/test_iteration12_seo.py:90: page wholesale not seeded</skipped></testcase><testcase classname="backend.tests.test_iteration12_seo" name="test_product_has_related_article[bpc-157-5]" time="0.074" /><testcase classname="backend.tests.test_iteration12_seo" name="test_product_has_related_article[1-ghk-cu]" time="0.073" /><testcase classname="backend.tests.test_iteration12_seo" name="test_product_has_related_article[21-retatrutide-5]" time="0.085" /><testcase classname="backend.tests.test_iteration12_seo" name="test_product_has_collections[bpc-157-5]" time="0.071" /><testcase classname="backend.tests.test_iteration12_seo" name="test_product_has_collections[1-ghk-cu]" time="0.076" /><testcase classname="backend.tests.test_iteration12_seo" name="test_product_has_collections[21-retatrutide-5]" time="0.067" /><testcase classname="backend.tests.test_iteration12_seo" name="test_sitemap" time="0.075" /></testsuite></testsuites>