<?xml version="1.0" encoding="utf-8"?><testsuites name="pytest tests"><testsuite name="pytest" errors="0" failures="0" skipped="0" tests="5" time="3.069" timestamp="2026-09-01T13:26:17.452584+00:00" hostname="agent-env-0a12f5b1-a72a-4ce4-8f95-be850d724fd2"><testcase classname="backend.tests.test_iteration21_cookies_media.TestMediaNegotiation" name="test_webp_returned_when_accept_webp" time="0.505" /><testcase classname="backend.tests.test_iteration21_cookies_media.TestMediaNegotiation" name="test_jpeg_when_accept_jpeg" time="0.359" /><testcase classname="backend.tests.test_iteration21_cookies_media.TestMediaNegotiation" name="test_local_disk_is_source_of_truth" time="0.382" /><testcase classname="backend.tests.test_iteration21_cookies_media.TestAdminUpload" name="test_upload_then_retrieve" time="1.041" /><testcase classname="backend.tests.test_iteration21_cookies_media.TestCheckoutRegression" name="test_end_to_end_cod_order" time="0.711" /></testsuite></testsuites>