<?xml version="1.0" encoding="utf-8"?><testsuites name="pytest tests"><testsuite name="pytest" errors="0" failures="5" skipped="0" tests="35" time="6.427" timestamp="2026-09-01T00:32:21.956774+00:00" hostname="agent-env-0a12f5b1-a72a-4ce4-8f95-be850d724fd2"><testcase classname="backend.tests.test_iteration9.TestCatalogImport" name="test_products_list_has_imported" time="0.321" /><testcase classname="backend.tests.test_iteration9.TestCatalogImport" name="test_bulgarian_titles_and_local_images" time="0.160" /><testcase classname="backend.tests.test_iteration9.TestCatalogImport" name="test_collections_have_local_images" time="0.054" /><testcase classname="backend.tests.test_iteration9.TestCatalogImport" name="test_product_image_served" time="0.343" /><testcase classname="backend.tests.test_iteration9.TestProductActiveToggle" name="test_toggle_hides_and_restores" time="1.019" /><testcase classname="backend.tests.test_iteration9.TestImportedPages" name="test_bg_page_has_content[what-are-peptides]" time="0.068"><failure message="AssertionError: what-are-peptides bg content empty&#10;assert False">backend/tests/test_iteration9.py:129: in test_bg_page_has_content
    assert has_content, f"{slug} bg content empty"
E   AssertionError: what-are-peptides bg content empty
E   assert False</failure></testcase><testcase classname="backend.tests.test_iteration9.TestImportedPages" name="test_bg_page_has_content[faq]" time="0.062"><failure message="AssertionError: faq bg content empty&#10;assert False">backend/tests/test_iteration9.py:129: in test_bg_page_has_content
    assert has_content, f"{slug} bg content empty"
E   AssertionError: faq bg content empty
E   assert False</failure></testcase><testcase classname="backend.tests.test_iteration9.TestImportedPages" name="test_bg_page_has_content[contacts]" time="0.062"><failure message="AssertionError: contacts bg content empty&#10;assert False">backend/tests/test_iteration9.py:129: in test_bg_page_has_content
    assert has_content, f"{slug} bg content empty"
E   AssertionError: contacts bg content empty
E   assert False</failure></testcase><testcase classname="backend.tests.test_iteration9.TestImportedPages" name="test_bg_page_has_content[about]" time="0.071"><failure message="AssertionError: about bg content empty&#10;assert False">backend/tests/test_iteration9.py:129: in test_bg_page_has_content
    assert has_content, f"{slug} bg content empty"
E   AssertionError: about bg content empty
E   assert False</failure></testcase><testcase classname="backend.tests.test_iteration9.TestImportedPages" name="test_admin_pages_list_has_cookies_and_about" time="0.064"><failure message="KeyError: 'pages'">backend/tests/test_iteration9.py:134: in test_admin_pages_list_has_cookies_and_about
    slugs = [p["slug"] for p in r.json()["pages"]]
                                ^^^^^^^^^^^^^^^^^
E   KeyError: 'pages'</failure></testcase><testcase classname="backend.tests.test_iteration9.TestArticlesAndRedirects" name="test_articles_imported" time="0.120" /><testcase classname="backend.tests.test_iteration9.TestArticlesAndRedirects" name="test_redirects_present" time="0.080" /><testcase classname="backend.tests.test_iteration9.TestDiscountImport" name="test_settings_contain_imported_codes" time="0.063" /><testcase classname="backend.tests.test_iteration9.TestDiscountImport" name="test_active_discount_validates" time="0.132" /><testcase classname="backend.tests.test_iteration9.TestCustomers" name="test_customers_imported_and_sorted" time="0.197" /><testcase classname="backend.tests.test_iteration9.TestCustomers" name="test_customer_orders_endpoint" time="0.247" /><testcase classname="backend.tests.test_iteration9.TestAnalytics" name="test_track_and_live" time="0.144" /><testcase classname="backend.tests.test_iteration9.TestAnalytics" name="test_ranges_have_correct_bucket[today-hour]" time="0.072" /><testcase classname="backend.tests.test_iteration9.TestAnalytics" name="test_ranges_have_correct_bucket[7d-day]" time="0.078" /><testcase classname="backend.tests.test_iteration9.TestAnalytics" name="test_ranges_have_correct_bucket[30d-day]" time="0.071" /><testcase classname="backend.tests.test_iteration9.TestAnalytics" name="test_sales_excludes_shipping" time="0.154" /><testcase classname="backend.tests.test_iteration9.TestAnalytics" name="test_custom_range" time="0.070" /><testcase classname="backend.tests.test_iteration9.TestInventory" name="test_inventory_list" time="0.142" /><testcase classname="backend.tests.test_iteration9.TestInventory" name="test_update_stock_and_log" time="0.298" /><testcase classname="backend.tests.test_iteration9.TestInventory" name="test_update_threshold" time="0.238" /><testcase classname="backend.tests.test_iteration9.TestOrdersList" name="test_list_normalised" time="0.081" /><testcase classname="backend.tests.test_iteration9.TestOrdersList" name="test_filters" time="0.315" /><testcase classname="backend.tests.test_iteration9.TestOrdersList" name="test_search_by_email" time="0.167" /><testcase classname="backend.tests.test_iteration9.TestOrdersList" name="test_pagination" time="0.143" /><testcase classname="backend.tests.test_iteration9.TestOrderActions" name="test_00_setup_create_order" time="0.595" /><testcase classname="backend.tests.test_iteration9.TestOrderActions" name="test_detail_by_id" time="0.068" /><testcase classname="backend.tests.test_iteration9.TestOrderActions" name="test_detail_by_order_number" time="0.067" /><testcase classname="backend.tests.test_iteration9.TestOrderActions" name="test_fulfill" time="0.128" /><testcase classname="backend.tests.test_iteration9.TestOrderActions" name="test_mark_paid" time="0.301" /><testcase classname="backend.tests.test_iteration9.TestOrderActions" name="test_zz_cleanup_cancel" time="0.066" /></testsuite></testsuites>