<?xml version="1.0" encoding="utf-8"?><testsuites name="pytest tests"><testsuite name="pytest" errors="0" failures="0" skipped="0" tests="22" time="3.467" timestamp="2026-09-01T03:05:13.675950+00:00" hostname="agent-env-0a12f5b1-a72a-4ce4-8f95-be850d724fd2"><testcase classname="backend.tests.test_iteration14_url_alignment.TestCollectionsAlignment" name="test_collections_list_contains_new_handles" time="0.192" /><testcase classname="backend.tests.test_iteration14_url_alignment.TestCollectionsAlignment" name="test_get_new_all_peptides_collection" time="0.165" /><testcase classname="backend.tests.test_iteration14_url_alignment.TestCollectionsAlignment" name="test_legacy_all_peptides_alias" time="0.188" /><testcase classname="backend.tests.test_iteration14_url_alignment.TestCollectionsAlignment" name="test_retatrutide_collection" time="0.119" /><testcase classname="backend.tests.test_iteration14_url_alignment.TestPageSlugs" name="test_new_slug_returns_200[contact-1]" time="0.137" /><testcase classname="backend.tests.test_iteration14_url_alignment.TestPageSlugs" name="test_new_slug_returns_200[about-1]" time="0.109" /><testcase classname="backend.tests.test_iteration14_url_alignment.TestPageSlugs" name="test_new_slug_returns_200[become-a-distributor]" time="0.138" /><testcase classname="backend.tests.test_iteration14_url_alignment.TestPageSlugs" name="test_new_slug_returns_200[terms-conditions]" time="0.104" /><testcase classname="backend.tests.test_iteration14_url_alignment.TestPageSlugs" name="test_new_slug_returns_200[delivery-and-payment]" time="0.118" /><testcase classname="backend.tests.test_iteration14_url_alignment.TestPageSlugs" name="test_new_slug_returns_200[\u043a\u0430\u043a\u0432\u043e-\u0441\u0430-\u043f\u0435\u043f\u0442\u0438\u0434\u0438]" time="0.107" /><testcase classname="backend.tests.test_iteration14_url_alignment.TestPageSlugs" name="test_old_slug_404[contacts]" time="0.138" /><testcase classname="backend.tests.test_iteration14_url_alignment.TestPageSlugs" name="test_old_slug_404[about]" time="0.124" /><testcase classname="backend.tests.test_iteration14_url_alignment.TestPageSlugs" name="test_old_slug_404[partners]" time="0.122" /><testcase classname="backend.tests.test_iteration14_url_alignment.TestPageSlugs" name="test_old_slug_404[terms-of-service]" time="0.108" /><testcase classname="backend.tests.test_iteration14_url_alignment.TestPageSlugs" name="test_old_slug_404[shipping-policy]" time="0.114" /><testcase classname="backend.tests.test_iteration14_url_alignment.TestPageSlugs" name="test_old_slug_404[what-are-peptides]" time="0.203" /><testcase classname="backend.tests.test_iteration14_url_alignment.TestLinkIndex" name="test_link_index_structure" time="0.147" /><testcase classname="backend.tests.test_iteration14_url_alignment.TestSEO" name="test_sitemap_xml" time="0.208" /><testcase classname="backend.tests.test_iteration14_url_alignment.TestSEO" name="test_agentic_sitemap" time="0.137" /><testcase classname="backend.tests.test_iteration14_url_alignment.TestSEO" name="test_agents_md" time="0.111" /><testcase classname="backend.tests.test_iteration14_url_alignment.TestSEO" name="test_robots_txt" time="0.164" /><testcase classname="backend.tests.test_iteration14_url_alignment.TestDelistedLinks" name="test_no_matrixify_redirects" time="0.423" /></testsuite></testsuites>