<?xml version="1.0" encoding="utf-8"?><testsuites name="pytest tests"><testsuite name="pytest" errors="0" failures="0" skipped="0" tests="26" time="7.916" timestamp="2026-08-31T23:52:20.799513+00:00" hostname="agent-env-0a12f5b1-a72a-4ce4-8f95-be850d724fd2"><testcase classname="backend.tests.test_pages.TestPublicPages" name="test_bg_faq" time="0.319" /><testcase classname="backend.tests.test_pages.TestPublicPages" name="test_bg_what_are_peptides" time="0.128" /><testcase classname="backend.tests.test_pages.TestPublicPages" name="test_all_slugs_return_content[what-are-peptides]" time="0.110" /><testcase classname="backend.tests.test_pages.TestPublicPages" name="test_all_slugs_return_content[faq]" time="0.107" /><testcase classname="backend.tests.test_pages.TestPublicPages" name="test_all_slugs_return_content[contacts]" time="0.126" /><testcase classname="backend.tests.test_pages.TestPublicPages" name="test_all_slugs_return_content[chemical-analysis]" time="0.108" /><testcase classname="backend.tests.test_pages.TestPublicPages" name="test_all_slugs_return_content[partners]" time="0.132" /><testcase classname="backend.tests.test_pages.TestPublicPages" name="test_all_slugs_return_content[privacy-policy]" time="0.119" /><testcase classname="backend.tests.test_pages.TestPublicPages" name="test_all_slugs_return_content[refund-policy]" time="0.104" /><testcase classname="backend.tests.test_pages.TestPublicPages" name="test_all_slugs_return_content[terms-of-service]" time="0.153" /><testcase classname="backend.tests.test_pages.TestPublicPages" name="test_all_slugs_return_content[shipping-policy]" time="0.207" /><testcase classname="backend.tests.test_pages.TestPublicPages" name="test_de_falls_back_to_en" time="0.129" /><testcase classname="backend.tests.test_pages.TestPublicPages" name="test_unknown_slug_404" time="0.148" /><testcase classname="backend.tests.test_pages.TestAdminGuards" name="test_list_unauth" time="0.197" /><testcase classname="backend.tests.test_pages.TestAdminGuards" name="test_get_unauth" time="0.174" /><testcase classname="backend.tests.test_pages.TestAdminGuards" name="test_put_unauth" time="0.128" /><testcase classname="backend.tests.test_pages.TestAdminGuards" name="test_translate_unauth" time="0.135" /><testcase classname="backend.tests.test_pages.TestAdminGuards" name="test_customer_forbidden" time="0.504" /><testcase classname="backend.tests.test_pages.TestAdminList" name="test_slug_list_has_nine" time="0.386" /><testcase classname="backend.tests.test_pages.TestAdminGet" name="test_empty_scaffold_for_missing_locale" time="0.055" /><testcase classname="backend.tests.test_pages.TestAdminGet" name="test_unknown_slug_get_404" time="0.054" /><testcase classname="backend.tests.test_pages.TestAdminGet" name="test_bg_seeded" time="0.062" /><testcase classname="backend.tests.test_pages.TestAdminPut" name="test_put_unknown_slug_404" time="0.055" /><testcase classname="backend.tests.test_pages.TestAdminPut" name="test_upsert_and_public_reflects_then_reset" time="0.430" /><testcase classname="backend.tests.test_pages.TestAdminPut" name="test_faq_upsert_reorder" time="0.499" /><testcase classname="backend.tests.test_pages.TestAITranslateOnce" name="test_translate_contacts_de" time="3.250" /></testsuite></testsuites>