<?xml version="1.0" encoding="utf-8"?><testsuites name="pytest tests"><testsuite name="pytest" errors="0" failures="0" skipped="0" tests="50" time="18.610" timestamp="2026-08-31T23:11:19.280136+00:00" hostname="agent-env-0a12f5b1-a72a-4ce4-8f95-be850d724fd2"><testcase classname="backend.tests.backend_test.TestAuth" name="test_register_disabled" time="0.130" /><testcase classname="backend.tests.backend_test.TestAuth" name="test_admin_login" time="0.341" /><testcase classname="backend.tests.backend_test.TestAuth" name="test_customer_login" time="0.372" /><testcase classname="backend.tests.backend_test.TestAuth" name="test_bcrypt_hash_format" time="0.481" /><testcase classname="backend.tests.backend_test.TestAuth" name="test_invalid_login" time="0.415" /><testcase classname="backend.tests.backend_test.TestCatalog" name="test_collections_default_locale" time="0.061" /><testcase classname="backend.tests.backend_test.TestCatalog" name="test_collections_english_locale" time="0.062" /><testcase classname="backend.tests.backend_test.TestCatalog" name="test_unknown_locale_falls_back" time="0.066" /><testcase classname="backend.tests.backend_test.TestCatalog" name="test_collection_all_peptides_returns_all" time="0.079" /><testcase classname="backend.tests.backend_test.TestCatalog" name="test_collection_404" time="0.059" /><testcase classname="backend.tests.backend_test.TestCatalog" name="test_products_list" time="0.070" /><testcase classname="backend.tests.backend_test.TestCatalog" name="test_product_by_handle_has_related" time="0.128" /><testcase classname="backend.tests.backend_test.TestCatalog" name="test_locales_endpoint" time="0.069" /><testcase classname="backend.tests.backend_test.TestCatalog" name="test_collections_slovak_locale" time="0.062" /><testcase classname="backend.tests.backend_test.TestCatalog" name="test_product_fr_falls_back_to_english_not_bulgarian" time="0.061" /><testcase classname="backend.tests.backend_test.TestCatalog" name="test_bg_stays_bulgarian" time="0.066" /><testcase classname="backend.tests.backend_test.TestDelistedLinks" name="test_unauth_list" time="0.116" /><testcase classname="backend.tests.backend_test.TestDelistedLinks" name="test_customer_forbidden" time="0.461" /><testcase classname="backend.tests.backend_test.TestDelistedLinks" name="test_create_list_update_delete" time="0.456" /><testcase classname="backend.tests.backend_test.TestLocaleRoutesPersistence" name="test_put_locale_routes_and_sitemap_reflects" time="0.473" /><testcase classname="backend.tests.backend_test.TestSettingsVisibility" name="test_public_settings_no_secrets" time="0.074" /><testcase classname="backend.tests.backend_test.TestSettingsVisibility" name="test_admin_settings_exposes_secrets" time="0.064" /><testcase classname="backend.tests.backend_test.TestSettingsVisibility" name="test_admin_settings_requires_admin" time="0.100" /><testcase classname="backend.tests.backend_test.TestDiscount" name="test_welcome10_valid" time="0.061" /><testcase classname="backend.tests.backend_test.TestDiscount" name="test_invalid_code" time="0.058" /><testcase classname="backend.tests.backend_test.TestDiscount" name="test_peptide20_min_subtotal" time="0.171" /><testcase classname="backend.tests.backend_test.TestCheckout" name="test_terms_required" time="0.367" /><testcase classname="backend.tests.backend_test.TestCheckout" name="test_checkout_success_with_discount_and_notes" time="0.324" /><testcase classname="backend.tests.backend_test.TestCheckout" name="test_checkout_invalid_discount_fails" time="0.144" /><testcase classname="backend.tests.backend_test.TestAdminGuards" name="test_unauth[/admin/products]" time="0.204" /><testcase classname="backend.tests.backend_test.TestAdminGuards" name="test_unauth[/admin/settings]" time="0.122" /><testcase classname="backend.tests.backend_test.TestAdminGuards" name="test_unauth[/admin/stats]" time="0.120" /><testcase classname="backend.tests.backend_test.TestAdminGuards" name="test_customer_forbidden[/admin/products]" time="0.062" /><testcase classname="backend.tests.backend_test.TestAdminGuards" name="test_customer_forbidden[/admin/settings]" time="0.128" /><testcase classname="backend.tests.backend_test.TestAdminProductCRUD" name="test_list" time="0.083" /><testcase classname="backend.tests.backend_test.TestAdminProductCRUD" name="test_create" time="0.221" /><testcase classname="backend.tests.backend_test.TestAdminProductCRUD" name="test_update_title_and_de_handle" time="0.446" /><testcase classname="backend.tests.backend_test.TestAdminProductCRUD" name="test_delete" time="0.228" /><testcase classname="backend.tests.backend_test.TestAdminProductCRUD" name="test_admin_translate_requires_admin" time="0.156" /><testcase classname="backend.tests.backend_test.TestAITranslationAndEmail" name="test_translate_bulk_requires_admin" time="0.302" /><testcase classname="backend.tests.backend_test.TestAITranslationAndEmail" name="test_email_test_requires_admin" time="0.156" /><testcase classname="backend.tests.backend_test.TestAITranslationAndEmail" name="test_translate_product_fr" time="6.858" /><testcase classname="backend.tests.backend_test.TestAITranslationAndEmail" name="test_translate_collection" time="2.367" /><testcase classname="backend.tests.backend_test.TestAITranslationAndEmail" name="test_bulk_translate_starts_and_progresses" time="0.258" /><testcase classname="backend.tests.backend_test.TestAITranslationAndEmail" name="test_email_test_send" time="0.321" /><testcase classname="backend.tests.backend_test.TestAnnouncementsI18n" name="test_public_settings_expose_announcements_i18n" time="0.149" /><testcase classname="backend.tests.backend_test.TestUpload" name="test_upload_requires_admin" time="0.133" /><testcase classname="backend.tests.backend_test.TestUpload" name="test_upload_and_serve" time="0.653" /><testcase classname="backend.tests.backend_test.TestSEO" name="test_sitemap" time="0.085" /><testcase classname="backend.tests.backend_test.TestSEO" name="test_robots" time="0.079" /></testsuite></testsuites>