<?xml version="1.0" encoding="utf-8"?><testsuites name="pytest tests"><testsuite name="pytest" errors="0" failures="1" skipped="0" tests="41" time="6.070" timestamp="2026-04-25T23:21:39.096642+00:00" hostname="agent-env-0a12f5b1-a72a-4ce4-8f95-be850d724fd2"><testcase classname="backend.tests.backend_test.TestCatalog" name="test_root" time="0.233"><failure message="assert 404 == 200&#10; +  where 404 = &lt;Response [404]&gt;.status_code">backend/tests/backend_test.py:59: in test_root
    assert r.status_code == 200
E   assert 404 == 200
E    +  where 404 = &lt;Response [404]&gt;.status_code</failure></testcase><testcase classname="backend.tests.backend_test.TestCatalog" name="test_collections_seeded" time="0.047" /><testcase classname="backend.tests.backend_test.TestCatalog" name="test_collection_by_handle" time="0.111" /><testcase classname="backend.tests.backend_test.TestCatalog" name="test_collection_404" time="0.044" /><testcase classname="backend.tests.backend_test.TestCatalog" name="test_products_seeded" time="0.047" /><testcase classname="backend.tests.backend_test.TestCatalog" name="test_product_by_handle" time="0.106" /><testcase classname="backend.tests.backend_test.TestCatalog" name="test_articles" time="0.046" /><testcase classname="backend.tests.backend_test.TestCatalog" name="test_settings" time="0.048" /><testcase classname="backend.tests.backend_test.TestAuth" name="test_register_login_logout" time="0.739" /><testcase classname="backend.tests.backend_test.TestAuth" name="test_register_duplicate" time="0.045" /><testcase classname="backend.tests.backend_test.TestAuth" name="test_login_invalid" time="0.275" /><testcase classname="backend.tests.backend_test.TestAuth" name="test_admin_login_sets_cookie" time="0.379" /><testcase classname="backend.tests.backend_test.TestAuth" name="test_me_unauthenticated" time="0.120" /><testcase classname="backend.tests.backend_test.TestCheckout" name="test_guest_checkout_creates_order" time="0.190" /><testcase classname="backend.tests.backend_test.TestCheckout" name="test_shipping_econt_under_100" time="0.119" /><testcase classname="backend.tests.backend_test.TestCheckout" name="test_shipping_speedy" time="0.137" /><testcase classname="backend.tests.backend_test.TestCheckout" name="test_shipping_free_over_100" time="0.101" /><testcase classname="backend.tests.backend_test.TestCheckout" name="test_insufficient_stock_rejected" time="0.102" /><testcase classname="backend.tests.backend_test.TestCheckout" name="test_invalid_product_rejected" time="0.106" /><testcase classname="backend.tests.backend_test.TestCheckout" name="test_authenticated_checkout_links_to_user" time="0.438" /><testcase classname="backend.tests.backend_test.TestCheckout" name="test_my_orders_requires_auth" time="0.102" /><testcase classname="backend.tests.backend_test.TestCheckout" name="test_my_orders_returns_for_customer" time="0.052" /><testcase classname="backend.tests.backend_test.TestAdminGuards" name="test_unauthenticated_blocked[/admin/stats]" time="0.163" /><testcase classname="backend.tests.backend_test.TestAdminGuards" name="test_unauthenticated_blocked[/admin/orders]" time="0.107" /><testcase classname="backend.tests.backend_test.TestAdminGuards" name="test_unauthenticated_blocked[/admin/products]" time="0.105" /><testcase classname="backend.tests.backend_test.TestAdminGuards" name="test_unauthenticated_blocked[/admin/customers]" time="0.114" /><testcase classname="backend.tests.backend_test.TestAdminGuards" name="test_unauthenticated_blocked[/admin/imports]" time="0.115" /><testcase classname="backend.tests.backend_test.TestAdminGuards" name="test_customer_forbidden[/admin/stats]" time="0.053" /><testcase classname="backend.tests.backend_test.TestAdminGuards" name="test_customer_forbidden[/admin/orders]" time="0.059" /><testcase classname="backend.tests.backend_test.TestAdminGuards" name="test_customer_forbidden[/admin/products]" time="0.054" /><testcase classname="backend.tests.backend_test.TestAdminGuards" name="test_customer_forbidden[/admin/customers]" time="0.056" /><testcase classname="backend.tests.backend_test.TestAdminGuards" name="test_admin_stats" time="0.394" /><testcase classname="backend.tests.backend_test.TestAdminGuards" name="test_admin_orders_list" time="0.049" /><testcase classname="backend.tests.backend_test.TestAdminGuards" name="test_admin_products_list" time="0.050" /><testcase classname="backend.tests.backend_test.TestAdminGuards" name="test_admin_customers_list" time="0.046" /><testcase classname="backend.tests.backend_test.TestAdminOrderWorkflow" name="test_create_shipment_before_paid_rejected" time="0.153" /><testcase classname="backend.tests.backend_test.TestAdminOrderWorkflow" name="test_mark_paid" time="0.109" /><testcase classname="backend.tests.backend_test.TestAdminOrderWorkflow" name="test_create_shipment_after_paid" time="0.059" /><testcase classname="backend.tests.backend_test.TestAdminImportAndSettings" name="test_csv_import_inserts_and_updates" time="0.246" /><testcase classname="backend.tests.backend_test.TestAdminImportAndSettings" name="test_update_settings" time="0.254" /><testcase classname="backend.tests.backend_test.TestAdminImportAndSettings" name="test_settings_unauthenticated" time="0.104" /></testsuite></testsuites>